# JRE version: OpenJDK Runtime Environment (15.0.1+9) (build 15.0.1+9-18)
# Java VM: OpenJDK 64-Bit Server VM (15.0.1+9-18, mixed mode, tiered, compressed oops, g1 gc, linux-amd64)
GC Precious Log:
 CPUs: 8 total, 8 available
 Memory: 7818M
 Large Page Support: Disabled
 NUMA Support: Disabled
 Compressed Oops: Enabled (32-bit)
 Heap Region Size: 1M
 Heap Min Capacity: 8M
 Heap Initial Capacity: 124M
 Heap Max Capacity: 1956M
 Pre-touch: Disabled
 Parallel Workers: 8
 Concurrent Workers: 2
 Concurrent Refinement Workers: 8
 Periodic GC: Disabled
Heap:
 garbage-first heap   total 78848K, used 45948K [0x0000000085c00000, 0x0000000100000000)
  region size 1024K, 39 young (39936K), 2 survivors (2048K)
 Metaspace       used 35242K, capacity 35694K, committed 35840K, reserved 1081344K
  class space    used 4260K, capacity 4453K, committed 4480K, reserved 1048576K
GC Heap History (10 events):
Event: 0.476 GC heap before
{Heap before GC invocations=0 (full 0):
 garbage-first heap   total 126976K, used 22528K [0x0000000085c00000, 0x0000000100000000)
  region size 1024K, 23 young (23552K), 0 survivors (0K)
 Metaspace       used 15736K, capacity 15916K, committed 16128K, reserved 1062912K
  class space    used 1655K, capacity 1718K, committed 1792K, reserved 1048576K
}
Event: 0.480 GC heap after
{Heap after GC invocations=1 (full 0):
 garbage-first heap   total 126976K, used 4747K [0x0000000085c00000, 0x0000000100000000)
  region size 1024K, 3 young (3072K), 3 survivors (3072K)
 Metaspace       used 15736K, capacity 15916K, committed 16128K, reserved 1062912K
  class space    used 1655K, capacity 1718K, committed 1792K, reserved 1048576K
}
Event: 0.671 GC heap before
{Heap before GC invocations=1 (full 0):
 garbage-first heap   total 126976K, used 23179K [0x0000000085c00000, 0x0000000100000000)
  region size 1024K, 22 young (22528K), 3 survivors (3072K)
 Metaspace       used 20836K, capacity 21083K, committed 21248K, reserved 1069056K
  class space    used 2391K, capacity 2504K, committed 2560K, reserved 1048576K
}
Event: 0.675 GC heap after
{Heap after GC invocations=2 (full 0):
 garbage-first heap   total 126976K, used 6626K [0x0000000085c00000, 0x0000000100000000)
  region size 1024K, 2 young (2048K), 2 survivors (2048K)
 Metaspace       used 20836K, capacity 21083K, committed 21248K, reserved 1069056K
  class space    used 2391K, capacity 2504K, committed 2560K, reserved 1048576K
}
Event: 0.786 GC heap before
{Heap before GC invocations=3 (full 0):
 garbage-first heap   total 27648K, used 27106K [0x0000000085c00000, 0x0000000100000000)
  region size 1024K, 22 young (22528K), 2 survivors (2048K)
 Metaspace       used 25908K, capacity 26291K, committed 26496K, reserved 1073152K
  class space    used 3036K, capacity 3151K, committed 3200K, reserved 1048576K
}
Event: 0.788 GC heap after
{Heap after GC invocations=4 (full 0):
 garbage-first heap   total 30720K, used 7352K [0x0000000085c00000, 0x0000000100000000)
  region size 1024K, 3 young (3072K), 3 survivors (3072K)
 Metaspace       used 25908K, capacity 26291K, committed 26496K, reserved 1073152K
  class space    used 3036K, capacity 3151K, committed 3200K, reserved 1048576K
}
Event: 0.918 GC heap before
{Heap before GC invocations=4 (full 0):
 garbage-first heap   total 30720K, used 21688K [0x0000000085c00000, 0x0000000100000000)
  region size 1024K, 17 young (17408K), 3 survivors (3072K)
 Metaspace       used 27171K, capacity 27522K, committed 27648K, reserved 1073152K
  class space    used 3212K, capacity 3324K, committed 3328K, reserved 1048576K
}
Event: 0.921 GC heap after
{Heap after GC invocations=5 (full 0):
 garbage-first heap   total 30720K, used 8588K [0x0000000085c00000, 0x0000000100000000)
  region size 1024K, 3 young (3072K), 3 survivors (3072K)
 Metaspace       used 27171K, capacity 27522K, committed 27648K, reserved 1073152K
  class space    used 3212K, capacity 3324K, committed 3328K, reserved 1048576K
}
Event: 1.052 GC heap before
{Heap before GC invocations=5 (full 0):
 garbage-first heap   total 30720K, used 21900K [0x0000000085c00000, 0x0000000100000000)
  region size 1024K, 16 young (16384K), 3 survivors (3072K)
 Metaspace       used 28968K, capacity 29328K, committed 29568K, reserved 1075200K
  class space    used 3469K, capacity 3599K, committed 3712K, reserved 1048576K
}
Event: 1.055 GC heap after
{Heap after GC invocations=6 (full 0):
 garbage-first heap   total 78848K, used 9084K [0x0000000085c00000, 0x0000000100000000)
  region size 1024K, 2 young (2048K), 2 survivors (2048K)
 Metaspace       used 28968K, capacity 29328K, committed 29568K, reserved 1075200K
  class space    used 3469K, capacity 3599K, committed 3712K, reserved 1048576K
}

