# JRE version: OpenJDK Runtime Environment (15.0.1+9) (build 15.0.1+9-18)
# Java VM: OpenJDK 64-Bit Server VM (15.0.1+9-18, mixed mode, tiered, compressed oops, g1 gc, linux-amd64)
GC Precious Log:
 CPUs: 8 total, 8 available
 Memory: 7818M
 Large Page Support: Disabled
 NUMA Support: Disabled
 Compressed Oops: Enabled (32-bit)
 Heap Region Size: 1M
 Heap Min Capacity: 8M
 Heap Initial Capacity: 124M
 Heap Max Capacity: 1956M
 Pre-touch: Disabled
 Parallel Workers: 8
 Concurrent Workers: 2
 Concurrent Refinement Workers: 8
 Periodic GC: Disabled
Heap:
 garbage-first heap   total 80896K, used 38819K [0x0000000085c00000, 0x0000000100000000)
  region size 1024K, 15 young (15360K), 5 survivors (5120K)
 Metaspace       used 58777K, capacity 59448K, committed 59684K, reserved 1101824K
  class space    used 7733K, capacity 7977K, committed 8064K, reserved 1048576K
GC Heap History (20 events):
Event: 1.687 GC heap before
{Heap before GC invocations=7 (full 0):
 garbage-first heap   total 45056K, used 30967K [0x0000000085c00000, 0x0000000100000000)
  region size 1024K, 20 young (20480K), 2 survivors (2048K)
 Metaspace       used 31801K, capacity 32190K, committed 32512K, reserved 1077248K
  class space    used 3861K, capacity 3974K, committed 4096K, reserved 1048576K
}
Event: 1.690 GC heap after
{Heap after GC invocations=8 (full 0):
 garbage-first heap   total 54272K, used 13255K [0x0000000085c00000, 0x0000000100000000)
  region size 1024K, 3 young (3072K), 3 survivors (3072K)
 Metaspace       used 31801K, capacity 32190K, committed 32512K, reserved 1077248K
  class space    used 3861K, capacity 3974K, committed 4096K, reserved 1048576K
}
Event: 1.917 GC heap before
{Heap before GC invocations=8 (full 0):
 garbage-first heap   total 54272K, used 37831K [0x0000000085c00000, 0x0000000100000000)
  region size 1024K, 27 young (27648K), 3 survivors (3072K)
 Metaspace       used 33776K, capacity 34230K, committed 34560K, reserved 1079296K
  class space    used 4154K, capacity 4320K, committed 4352K, reserved 1048576K
}
Event: 1.922 GC heap after
{Heap after GC invocations=9 (full 0):
 garbage-first heap   total 54272K, used 15174K [0x0000000085c00000, 0x0000000100000000)
  region size 1024K, 3 young (3072K), 3 survivors (3072K)
 Metaspace       used 33776K, capacity 34230K, committed 34560K, reserved 1079296K
  class space    used 4154K, capacity 4320K, committed 4352K, reserved 1048576K
}
Event: 2.228 GC heap before
{Heap before GC invocations=9 (full 0):
 garbage-first heap   total 54272K, used 38726K [0x0000000085c00000, 0x0000000100000000)
  region size 1024K, 26 young (26624K), 3 survivors (3072K)
 Metaspace       used 37106K, capacity 37592K, committed 37888K, reserved 1083392K
  class space    used 4653K, capacity 4819K, committed 4864K, reserved 1048576K
}
Event: 2.235 GC heap after
{Heap after GC invocations=10 (full 0):
 garbage-first heap   total 54272K, used 17297K [0x0000000085c00000, 0x0000000100000000)
  region size 1024K, 4 young (4096K), 4 survivors (4096K)
 Metaspace       used 37106K, capacity 37592K, committed 37888K, reserved 1083392K
  class space    used 4653K, capacity 4819K, committed 4864K, reserved 1048576K
}
Event: 2.334 GC heap before
{Heap before GC invocations=10 (full 0):
 garbage-first heap   total 54272K, used 39825K [0x0000000085c00000, 0x0000000100000000)
  region size 1024K, 26 young (26624K), 4 survivors (4096K)
 Metaspace       used 38838K, capacity 39288K, committed 39552K, reserved 1083392K
  class space    used 4818K, capacity 4979K, committed 4992K, reserved 1048576K
}
Event: 2.340 GC heap after
{Heap after GC invocations=11 (full 0):
 garbage-first heap   total 54272K, used 18080K [0x0000000085c00000, 0x0000000100000000)
  region size 1024K, 3 young (3072K), 3 survivors (3072K)
 Metaspace       used 38838K, capacity 39288K, committed 39552K, reserved 1083392K
  class space    used 4818K, capacity 4979K, committed 4992K, reserved 1048576K
}
Event: 2.518 GC heap before
{Heap before GC invocations=11 (full 0):
 garbage-first heap   total 54272K, used 39584K [0x0000000085c00000, 0x0000000100000000)
  region size 1024K, 25 young (25600K), 3 survivors (3072K)
 Metaspace       used 40749K, capacity 41330K, committed 41472K, reserved 1085440K
  class space    used 5094K, capacity 5288K, committed 5376K, reserved 1048576K
}
Event: 2.524 GC heap after
{Heap after GC invocations=12 (full 0):
 garbage-first heap   total 65536K, used 18997K [0x0000000085c00000, 0x0000000100000000)
  region size 1024K, 2 young (2048K), 2 survivors (2048K)
 Metaspace       used 40749K, capacity 41330K, committed 41472K, reserved 1085440K
  class space    used 5094K, capacity 5288K, committed 5376K, reserved 1048576K
}
Event: 2.761 GC heap before
{Heap before GC invocations=12 (full 0):
 garbage-first heap   total 65536K, used 48693K [0x0000000085c00000, 0x0000000100000000)
  region size 1024K, 32 young (32768K), 2 survivors (2048K)
 Metaspace       used 43173K, capacity 43735K, committed 43904K, reserved 1087488K
  class space    used 5457K, capacity 5656K, committed 5760K, reserved 1048576K
}
Event: 2.768 GC heap after
{Heap after GC invocations=13 (full 0):
 garbage-first heap   total 65536K, used 20448K [0x0000000085c00000, 0x0000000100000000)
  region size 1024K, 4 young (4096K), 4 survivors (4096K)
 Metaspace       used 43173K, capacity 43735K, committed 43904K, reserved 1087488K
  class space    used 5457K, capacity 5656K, committed 5760K, reserved 1048576K
}
Event: 3.024 GC heap before
{Heap before GC invocations=13 (full 0):
 garbage-first heap   total 65536K, used 49120K [0x0000000085c00000, 0x0000000100000000)
  region size 1024K, 33 young (33792K), 4 survivors (4096K)
 Metaspace       used 45627K, capacity 46148K, committed 46208K, reserved 1089536K
  class space    used 5790K, capacity 5984K, committed 6016K, reserved 1048576K
}
Event: 3.032 GC heap after
{Heap after GC invocations=14 (full 0):
 garbage-first heap   total 65536K, used 21632K [0x0000000085c00000, 0x0000000100000000)
  region size 1024K, 3 young (3072K), 3 survivors (3072K)
 Metaspace       used 45627K, capacity 46148K, committed 46208K, reserved 1089536K
  class space    used 5790K, capacity 5984K, committed 6016K, reserved 1048576K
}
Event: 3.404 GC heap before
{Heap before GC invocations=15 (full 0):
 garbage-first heap   total 65536K, used 50304K [0x0000000085c00000, 0x0000000100000000)
  region size 1024K, 31 young (31744K), 3 survivors (3072K)
 Metaspace       used 50322K, capacity 50985K, committed 51364K, reserved 1093632K
  class space    used 6569K, capacity 6800K, committed 6912K, reserved 1048576K
}
Event: 3.408 GC heap after
{Heap after GC invocations=16 (full 0):
 garbage-first heap   total 65536K, used 24059K [0x0000000085c00000, 0x0000000100000000)
  region size 1024K, 4 young (4096K), 4 survivors (4096K)
 Metaspace       used 50322K, capacity 50985K, committed 51364K, reserved 1093632K
  class space    used 6569K, capacity 6800K, committed 6912K, reserved 1048576K
}
Event: 4.274 GC heap before
{Heap before GC invocations=17 (full 0):
 garbage-first heap   total 65536K, used 50683K [0x0000000085c00000, 0x0000000100000000)
  region size 1024K, 30 young (30720K), 4 survivors (4096K)
 Metaspace       used 53302K, capacity 53925K, committed 54308K, reserved 1095680K
  class space    used 6997K, capacity 7198K, committed 7296K, reserved 1048576K
}
Event: 4.279 GC heap after
{Heap after GC invocations=18 (full 0):
 garbage-first heap   total 80896K, used 26516K [0x0000000085c00000, 0x0000000100000000)
  region size 1024K, 3 young (3072K), 3 survivors (3072K)
 Metaspace       used 53302K, capacity 53925K, committed 54308K, reserved 1095680K
  class space    used 6997K, capacity 7198K, committed 7296K, reserved 1048576K
}
Event: 4.817 GC heap before
{Heap before GC invocations=18 (full 0):
 garbage-first heap   total 80896K, used 61332K [0x0000000085c00000, 0x0000000100000000)
  region size 1024K, 37 young (37888K), 3 survivors (3072K)
 Metaspace       used 57626K, capacity 58270K, committed 58404K, reserved 1099776K
  class space    used 7570K, capacity 7786K, committed 7808K, reserved 1048576K
}
Event: 4.821 GC heap after
{Heap after GC invocations=19 (full 0):
 garbage-first heap   total 80896K, used 29603K [0x0000000085c00000, 0x0000000100000000)
  region size 1024K, 5 young (5120K), 5 survivors (5120K)
 Metaspace       used 57626K, capacity 58270K, committed 58404K, reserved 1099776K
  class space    used 7570K, capacity 7786K, committed 7808K, reserved 1048576K
}

